[debug] [2019-03-29T20:29:25.964Z] ----------------------------------------------------------------------
[debug] [2019-03-29T20:29:25.967Z] Command:       C:\Program Files\nodejs\node.exe C:\Users\gosar\AppData\Roaming\npm\node_modules\firebase-tools\lib\bin\firebase.js deploy
[debug] [2019-03-29T20:29:25.967Z] CLI Version:   6.4.0
[debug] [2019-03-29T20:29:25.967Z] Platform:      win32
[debug] [2019-03-29T20:29:25.967Z] Node Version:  v10.12.0
[debug] [2019-03-29T20:29:25.969Z] Time:          Fri Mar 29 2019 20:29:25 GMT+0000 (Greenwich Mean Time)
[debug] [2019-03-29T20:29:25.969Z] ----------------------------------------------------------------------
[debug] 
[debug] [2019-03-29T20:29:25.998Z] > command requires scopes: ["email","openid","https://www.googleapis.com/auth/cloudplatformprojects.readonly","https://www.googleapis.com/auth/firebase","https://www.googleapis.com/auth/cloud-platform"]
[debug] [2019-03-29T20:29:25.999Z] > authorizing via signed-in user
[debug] [2019-03-29T20:29:25.999Z] [iam] checking project melodic-alignment-tool for permissions ["cloudfunctions.functions.create","cloudfunctions.functions.delete","cloudfunctions.functions.get","cloudfunctions.functions.list","cloudfunctions.functions.update","cloudfunctions.operations.get","datastore.indexes.create","datastore.indexes.delete","datastore.indexes.list","datastore.indexes.update","firebase.projects.get","firebasedatabase.instances.update","firebasehosting.sites.update","firebaserules.releases.create","firebaserules.releases.update","firebaserules.rulesets.create"]
[debug] [2019-03-29T20:29:26.003Z] > refreshing access token with scopes: ["email","https://www.googleapis.com/auth/cloud-platform","https://www.googleapis.com/auth/cloudplatformprojects.readonly","https://www.googleapis.com/auth/firebase","openid"]
[debug] [2019-03-29T20:29:26.003Z] >>> HTTP REQUEST POST https://www.googleapis.com/oauth2/v3/token  
 <request body omitted>
[debug] [2019-03-29T20:29:26.142Z] <<< HTTP RESPONSE 200
[debug] [2019-03-29T20:29:26.153Z] >>> HTTP REQUEST POST https://cloudresourcemanager.googleapis.com/v1/projects/melodic-alignment-tool:testIamPermissions  

[debug] [2019-03-29T20:29:26.943Z] <<< HTTP RESPONSE 200
[debug] [2019-03-29T20:29:26.945Z] >>> HTTP REQUEST GET https://firebase.googleapis.com/v1beta1/projects/melodic-alignment-tool  
 
[debug] [2019-03-29T20:29:27.336Z] <<< HTTP RESPONSE 200
[info] 
[info] === Deploying to 'melodic-alignment-tool'...
[info] 
[info] i  deploying database, storage, firestore, functions, hosting
[info] Running command: npm --prefix "%RESOURCE_DIR%" run lint
